[2015-01-20 09:42:48.996] [INFO] [default] - *******************************************************
[2015-01-20 09:42:48.997] [INFO] [default] - Now date: 2015-01-20 09:42:48.997
[2015-01-20 09:42:48.997] [INFO] [default] - Http Server Startup ! at port : 8088
[2015-01-20 09:42:48.997] [INFO] [default] - Https Server Startup ! at port : 8089
[2015-01-20 09:42:48.997] [INFO] [default] - *******************************************************
[2015-01-20 09:42:48.998] [ERROR] [default] - test Error Info
[2015-01-20 09:43:52.838] [INFO] [default] - *******************************************************
[2015-01-20 09:43:52.838] [INFO] [default] - Now date: 2015-01-20 09:43:52.838
[2015-01-20 09:43:52.839] [INFO] [default] - Http Server Startup ! at port : 8088
[2015-01-20 09:43:52.839] [INFO] [default] - Https Server Startup ! at port : 8089
[2015-01-20 09:43:52.839] [INFO] [default] - *******************************************************
[2015-01-20 09:43:52.839] [ERROR] [default] - test Error Info
[2015-01-20 09:44:00.987] [INFO] [default] - *******************************************************
[2015-01-20 09:44:00.988] [INFO] [default] - Now date: 2015-01-20 09:44:00.988
[2015-01-20 09:44:00.988] [INFO] [default] - Http Server Startup ! at port : 8088
[2015-01-20 09:44:00.988] [INFO] [default] - Https Server Startup ! at port : 8089
[2015-01-20 09:44:00.988] [INFO] [default] - *******************************************************
[2015-01-20 09:44:00.989] [ERROR] [default] - test Error Info
[2015-01-20 09:44:19.224] [INFO] [default] - *******************************************************
[2015-01-20 09:44:19.225] [INFO] [default] - Now date: 2015-01-20 09:44:19.225
[2015-01-20 09:44:19.226] [INFO] [default] - Http Server Startup ! at port : 8088
[2015-01-20 09:44:19.226] [INFO] [default] - Https Server Startup ! at port : 8089
[2015-01-20 09:44:19.226] [INFO] [default] - *******************************************************
[2015-01-20 09:44:19.226] [ERROR] [default] - test Error Info
[2015-01-20 09:44:36.446] [INFO] [default] - *******************************************************
[2015-01-20 09:44:36.448] [INFO] [default] - Now date: 2015-01-20 09:44:36.448
[2015-01-20 09:44:36.448] [INFO] [default] - Http Server Startup ! at port : 8088
[2015-01-20 09:44:36.448] [INFO] [default] - Https Server Startup ! at port : 8089
[2015-01-20 09:44:36.448] [INFO] [default] - *******************************************************
[2015-01-20 09:44:36.448] [ERROR] [default] - test Error Info
[2015-01-20 09:44:42.542] [INFO] [default] - *******************************************************
[2015-01-20 09:44:42.543] [INFO] [default] - Now date: 2015-01-20 09:44:42.543
[2015-01-20 09:44:42.543] [INFO] [default] - Http Server Startup ! at port : 8088
[2015-01-20 09:44:42.543] [INFO] [default] - Https Server Startup ! at port : 8089
[2015-01-20 09:44:42.543] [INFO] [default] - *******************************************************
[2015-01-20 09:44:42.543] [ERROR] [default] - test Error Info
[2015-01-20 09:44:47.620] [INFO] [default] - *******************************************************
[2015-01-20 09:44:47.621] [INFO] [default] - Now date: 2015-01-20 09:44:47.621
[2015-01-20 09:44:47.621] [INFO] [default] - Http Server Startup ! at port : 8088
[2015-01-20 09:44:47.621] [INFO] [default] - Https Server Startup ! at port : 8089
[2015-01-20 09:44:47.622] [INFO] [default] - *******************************************************
[2015-01-20 09:44:47.622] [ERROR] [default] - test Error Info
[2015-01-20 09:44:53.714] [INFO] [default] - *******************************************************
[2015-01-20 09:44:53.715] [INFO] [default] - Now date: 2015-01-20 09:44:53.715
[2015-01-20 09:44:53.715] [INFO] [default] - Http Server Startup ! at port : 8088
[2015-01-20 09:44:53.715] [INFO] [default] - Https Server Startup ! at port : 8089
[2015-01-20 09:44:53.715] [INFO] [default] - *******************************************************
[2015-01-20 09:44:53.715] [ERROR] [default] - test Error Info
[2015-01-20 09:45:01.810] [INFO] [default] - *******************************************************
[2015-01-20 09:45:01.811] [INFO] [default] - Now date: 2015-01-20 09:45:01.810
[2015-01-20 09:45:01.811] [INFO] [default] - Http Server Startup ! at port : 8088
[2015-01-20 09:45:01.811] [INFO] [default] - Https Server Startup ! at port : 8089
[2015-01-20 09:45:01.811] [INFO] [default] - *******************************************************
[2015-01-20 09:45:01.811] [ERROR] [default] - test Error Info
[2015-01-20 09:45:18.037] [INFO] [default] - *******************************************************
[2015-01-20 09:45:18.038] [INFO] [default] - Now date: 2015-01-20 09:45:18.038
[2015-01-20 09:45:18.038] [INFO] [default] - Http Server Startup ! at port : 8088
[2015-01-20 09:45:18.038] [INFO] [default] - Https Server Startup ! at port : 8089
[2015-01-20 09:45:18.039] [INFO] [default] - *******************************************************
[2015-01-20 09:51:13.936] [INFO] [default] - *******************************************************
[2015-01-20 09:51:13.937] [INFO] [default] - Now date: 2015-01-20 09:51:13.936
[2015-01-20 09:51:13.937] [INFO] [default] - Http Server Startup ! at port : 8088
[2015-01-20 09:51:13.937] [INFO] [default] - Https Server Startup ! at port : 8089
[2015-01-20 09:51:13.937] [INFO] [default] - *******************************************************
[2015-01-20 09:53:29.121] [INFO] [default] - *******************************************************
[2015-01-20 09:53:29.122] [INFO] [default] - Now date: 2015-01-20 09:53:29.122
[2015-01-20 09:53:29.122] [INFO] [default] - Http Server Startup ! at port : 8088
[2015-01-20 09:53:29.122] [INFO] [default] - Https Server Startup ! at port : 8089
[2015-01-20 09:53:29.122] [INFO] [default] - *******************************************************
[2015-01-20 09:56:44.697] [INFO] [default] - *******************************************************
[2015-01-20 09:56:44.698] [INFO] [default] - Now date: 2015-01-20 09:56:44.698
[2015-01-20 09:56:44.699] [INFO] [default] - Http Server Startup ! at port : 8088
[2015-01-20 09:56:44.699] [INFO] [default] - Https Server Startup ! at port : 8089
[2015-01-20 09:56:44.699] [INFO] [default] - *******************************************************
[2015-01-20 09:57:04.000] [INFO] [default] - *******************************************************
[2015-01-20 09:57:04.001] [INFO] [default] - Now date: 2015-01-20 09:57:04.001
[2015-01-20 09:57:04.001] [INFO] [default] - Http Server Startup ! at port : 8088
[2015-01-20 09:57:04.001] [INFO] [default] - Https Server Startup ! at port : 8089
[2015-01-20 09:57:04.001] [INFO] [default] - *******************************************************
[2015-01-20 09:57:28.338] [INFO] [default] - *******************************************************
[2015-01-20 09:57:28.338] [INFO] [default] - Now date: 2015-01-20 09:57:28.338
[2015-01-20 09:57:28.339] [INFO] [default] - Http Server Startup ! at port : 8088
[2015-01-20 09:57:28.339] [INFO] [default] - Https Server Startup ! at port : 8089
[2015-01-20 09:57:28.339] [INFO] [default] - *******************************************************
[2015-01-20 09:57:28.339] [FATAL] [default] - [TypeError: Cannot call method 'set' of undefined]
TypeError: Cannot call method 'set' of undefined
    at Object.<anonymous> (D:\Server\EasyRTC\EasyRTCServer\server.js:20:13)
    at Module._compile (module.js:456:26)
    at Object.Module._extensions..js (module.js:474:10)
    at Module.load (module.js:356:32)
    at Function.Module._load (module.js:312:12)
    at Function.Module.runMain (module.js:497:10)
    at startup (node.js:119:16)
    at node.js:929:3
[2015-01-20 09:58:35.216] [INFO] [default] - *******************************************************
[2015-01-20 09:58:35.217] [INFO] [default] - Now date: 2015-01-20 09:58:35.217
[2015-01-20 09:58:35.217] [INFO] [default] - Http Server Startup ! at port : 8088
[2015-01-20 09:58:35.217] [INFO] [default] - Https Server Startup ! at port : 8089
[2015-01-20 09:58:35.217] [INFO] [default] - *******************************************************
[2015-01-20 09:58:35.218] [FATAL] [default] - [TypeError: Cannot call method 'set' of undefined]
TypeError: Cannot call method 'set' of undefined
    at Object.exports.startServer (D:\Server\EasyRTC\EasyRTCServer\node_modules\zqnb\lib\zqnb.js:68:14)
    at Object.<anonymous> (D:\Server\EasyRTC\EasyRTCServer\server.js:16:6)
    at Module._compile (module.js:456:26)
    at Object.Module._extensions..js (module.js:474:10)
    at Module.load (module.js:356:32)
    at Function.Module._load (module.js:312:12)
    at Function.Module.runMain (module.js:497:10)
    at startup (node.js:119:16)
    at node.js:929:3
[2015-01-20 09:59:25.987] [INFO] [default] - *******************************************************
[2015-01-20 09:59:25.988] [INFO] [default] - Now date: 2015-01-20 09:59:25.988
[2015-01-20 09:59:25.988] [INFO] [default] - Http Server Startup ! at port : 8088
[2015-01-20 09:59:25.988] [INFO] [default] - Https Server Startup ! at port : 8089
[2015-01-20 09:59:25.988] [INFO] [default] - *******************************************************
[2015-01-20 09:59:25.989] [FATAL] [default] - [TypeError: Cannot call method 'set' of undefined]
TypeError: Cannot call method 'set' of undefined
    at Object.exports.startServer (D:\Server\EasyRTC\EasyRTCServer\node_modules\zqnb\lib\zqnb.js:68:14)
    at Object.<anonymous> (D:\Server\EasyRTC\EasyRTCServer\server.js:16:6)
    at Module._compile (module.js:456:26)
    at Object.Module._extensions..js (module.js:474:10)
    at Module.load (module.js:356:32)
    at Function.Module._load (module.js:312:12)
    at Function.Module.runMain (module.js:497:10)
    at startup (node.js:119:16)
    at node.js:929:3
[2015-01-20 10:35:05.844] [INFO] [default] - *******************************************************
[2015-01-20 10:35:05.845] [INFO] [default] - Now date: 2015-01-20 10:35:05.845
[2015-01-20 10:35:05.845] [INFO] [default] - Http Server Startup ! at port : 8088
[2015-01-20 10:35:05.845] [INFO] [default] - Https Server Startup ! at port : 8089
[2015-01-20 10:35:05.845] [INFO] [default] - *******************************************************
[2015-01-20 10:35:05.845] [ERROR] [default] - 1.0.12
[2015-01-20 10:35:16.172] [INFO] [default] - *******************************************************
[2015-01-20 10:35:16.173] [INFO] [default] - Now date: 2015-01-20 10:35:16.173
[2015-01-20 10:35:16.173] [INFO] [default] - Http Server Startup ! at port : 8088
[2015-01-20 10:35:16.173] [INFO] [default] - Https Server Startup ! at port : 8089
[2015-01-20 10:35:16.173] [INFO] [default] - *******************************************************
[2015-01-20 13:34:51.083] [INFO] [default] - *******************************************************
[2015-01-20 13:34:51.084] [INFO] [default] - Now date: 2015-01-20 13:34:51.084
[2015-01-20 13:34:51.084] [INFO] [default] - Http Server Startup ! at port : 8088
[2015-01-20 13:34:51.085] [INFO] [default] - Https Server Startup ! at port : 8089
[2015-01-20 13:34:51.085] [INFO] [default] - *******************************************************
[2015-01-20 13:34:51.085] [FATAL] [default] - { [Error: listen EADDRINUSE] code: 'EADDRINUSE', errno: 'EADDRINUSE', syscall: 'listen' }
Error: listen EADDRINUSE
    at errnoException (net.js:905:11)
    at Server._listen2 (net.js:1043:14)
    at listen (net.js:1065:10)
    at Server.listen (net.js:1139:5)
    at Object.exports.startServer (E:\storage\MyGitProject\easyrtc-server\node_modules\zqnb\lib\zqnb.js:56:55)
    at Object.<anonymous> (E:\storage\MyGitProject\easyrtc-server\server.js:16:6)
    at Module._compile (module.js:456:26)
    at Object.Module._extensions..js (module.js:474:10)
    at Module.load (module.js:356:32)
    at Function.Module._load (module.js:312:12)
[2015-01-20 13:34:52.369] [INFO] [default] - *******************************************************
[2015-01-20 13:34:52.370] [INFO] [default] - Now date: 2015-01-20 13:34:52.370
[2015-01-20 13:34:52.371] [INFO] [default] - Http Server Startup ! at port : 8088
[2015-01-20 13:34:52.371] [INFO] [default] - Https Server Startup ! at port : 8089
[2015-01-20 13:34:52.371] [INFO] [default] - *******************************************************
[2015-01-20 13:34:52.372] [FATAL] [default] - { [Error: listen EADDRINUSE] code: 'EADDRINUSE', errno: 'EADDRINUSE', syscall: 'listen' }
Error: listen EADDRINUSE
    at errnoException (net.js:905:11)
    at Server._listen2 (net.js:1043:14)
    at listen (net.js:1065:10)
    at Server.listen (net.js:1139:5)
    at Object.exports.startServer (E:\storage\MyGitProject\easyrtc-server\node_modules\zqnb\lib\zqnb.js:56:55)
    at Object.<anonymous> (E:\storage\MyGitProject\easyrtc-server\server.js:16:6)
    at Module._compile (module.js:456:26)
    at Object.Module._extensions..js (module.js:474:10)
    at Module.load (module.js:356:32)
    at Function.Module._load (module.js:312:12)
[2015-01-20 13:34:53.671] [INFO] [default] - *******************************************************
[2015-01-20 13:34:53.673] [INFO] [default] - Now date: 2015-01-20 13:34:53.673
[2015-01-20 13:34:53.674] [INFO] [default] - Http Server Startup ! at port : 8088
[2015-01-20 13:34:53.676] [INFO] [default] - Https Server Startup ! at port : 8089
[2015-01-20 13:34:53.678] [INFO] [default] - *******************************************************
[2015-01-20 13:34:53.681] [FATAL] [default] - { [Error: listen EADDRINUSE] code: 'EADDRINUSE', errno: 'EADDRINUSE', syscall: 'listen' }
Error: listen EADDRINUSE
    at errnoException (net.js:905:11)
    at Server._listen2 (net.js:1043:14)
    at listen (net.js:1065:10)
    at Server.listen (net.js:1139:5)
    at Object.exports.startServer (E:\storage\MyGitProject\easyrtc-server\node_modules\zqnb\lib\zqnb.js:56:55)
    at Object.<anonymous> (E:\storage\MyGitProject\easyrtc-server\server.js:16:6)
    at Module._compile (module.js:456:26)
    at Object.Module._extensions..js (module.js:474:10)
    at Module.load (module.js:356:32)
    at Function.Module._load (module.js:312:12)
[2015-01-20 13:34:54.986] [INFO] [default] - *******************************************************
[2015-01-20 13:34:54.987] [INFO] [default] - Now date: 2015-01-20 13:34:54.987
[2015-01-20 13:34:54.988] [INFO] [default] - Http Server Startup ! at port : 8088
[2015-01-20 13:34:54.990] [INFO] [default] - Https Server Startup ! at port : 8089
[2015-01-20 13:34:54.992] [INFO] [default] - *******************************************************
[2015-01-20 13:34:54.995] [FATAL] [default] - { [Error: listen EADDRINUSE] code: 'EADDRINUSE', errno: 'EADDRINUSE', syscall: 'listen' }
Error: listen EADDRINUSE
    at errnoException (net.js:905:11)
    at Server._listen2 (net.js:1043:14)
    at listen (net.js:1065:10)
    at Server.listen (net.js:1139:5)
    at Object.exports.startServer (E:\storage\MyGitProject\easyrtc-server\node_modules\zqnb\lib\zqnb.js:56:55)
    at Object.<anonymous> (E:\storage\MyGitProject\easyrtc-server\server.js:16:6)
    at Module._compile (module.js:456:26)
    at Object.Module._extensions..js (module.js:474:10)
    at Module.load (module.js:356:32)
    at Function.Module._load (module.js:312:12)
